2018-05-14 12:50:55,290 | INFO     | 0085 | user logged in: yhegde
2018-05-14 12:52:10,736 | INFO     | 0148 | logging out yhegde
2018-05-14 12:52:29,044 | INFO     | 0148 | logging out yhegde
2018-05-14 12:52:29,054 | INFO     | 0155 | shutdown called
2018-05-14 12:53:41,639 | INFO     | 0207 | user started full network run
2018-05-14 13:23:22,434 | INFO     | 0155 | shutdown called
2018-05-14 13:59:14,669 | INFO     | 0085 | user logged in: yhegde
2018-05-14 14:25:54,440 | INFO     | 0155 | shutdown called
2018-05-14 14:31:52,347 | INFO     | 0085 | user logged in: yhegde
2018-05-14 14:33:56,611 | INFO     | 0155 | shutdown called
2018-05-14 14:34:25,646 | INFO     | 0085 | user logged in: yhegde
2018-05-14 14:49:07,331 | INFO     | 0155 | shutdown called
2018-05-14 14:49:21,088 | INFO     | 0085 | user logged in: yhegde
2018-05-14 15:00:22,744 | INFO     | 0207 | user started full network run
2018-05-14 15:27:31,390 | INFO     | 0155 | shutdown called
2018-05-14 16:10:51,241 | INFO     | 0245 | user started git pull
2018-05-14 16:10:53,722 | INFO     | 0245 | user started git pull
2018-05-14 16:19:36,539 | INFO     | 0085 | user logged in: mindunpacker
2018-05-14 16:19:54,742 | INFO     | 0283 | updating node
2018-05-14 16:19:55,633 | INFO     | 0170 | updating node clean.R task status: not started assigned to: not assigned
2018-05-14 16:20:01,834 | INFO     | 0283 | updating node
2018-05-14 16:20:02,591 | INFO     | 0170 | updating node clean.R task status: validating assigned to: not assigned
2018-05-14 16:25:39,938 | INFO     | 0148 | logging out mindunpacker
2018-05-14 16:29:39,648 | INFO     | 0085 | user logged in: mindunpacker
2018-05-14 16:39:18,085 | INFO     | 0245 | user started git pull
2018-05-14 16:39:25,680 | INFO     | 0349 | 204
2018-05-14 16:39:25,680 | INFO     | 0360 | base already contains the head, nothing to merge
2018-05-14 16:39:29,948 | INFO     | 0207 | user started full network run
2018-05-14 16:40:18,082 | INFO     | 0283 | updating node
2018-05-14 16:40:18,217 | INFO     | 0170 | updating node clean.R task status: in progress assigned to: not assigned
2018-05-14 16:40:23,930 | INFO     | 0283 | updating node
2018-05-14 16:40:24,376 | INFO     | 0170 | updating node clean.R task status: validating assigned to: not assigned
2018-05-14 16:40:29,804 | INFO     | 0283 | updating node
2018-05-14 16:40:30,760 | INFO     | 0170 | updating node clean.R task status: completed assigned to: not assigned
2018-05-14 16:40:36,947 | INFO     | 0283 | updating node
2018-05-14 16:40:37,000 | INFO     | 0170 | updating node desc_stats.R task status: in progress assigned to: not assigned
2018-05-14 16:40:41,143 | INFO     | 0283 | updating node
2018-05-14 16:40:43,197 | INFO     | 0170 | updating node desc_stats.R task status: validating assigned to: not assigned
2018-05-14 16:40:47,433 | INFO     | 0283 | updating node
2018-05-14 16:40:49,759 | INFO     | 0170 | updating node desc_stats.R task status: completed assigned to: not assigned
2018-05-15 10:10:26,033 | INFO     | 0085 | user logged in: mindunpacker
2018-05-15 11:18:52,592 | INFO     | 0155 | shutdown called
2018-05-15 11:19:38,074 | INFO     | 0085 | user logged in: mindunpacker
